<?xml version="1.0" encoding="UTF-8"?>
<!-- Generated by org.testng.reporters.JUnitXMLReporter -->
<testsuite hostname="LAPTOP-LEDDVJ5V" ignored="0" name="Default test" tests="4" failures="0" timestamp="04 Jul 2022 12:44:27 GMT" time="23.019" errors="0">
  <testcase name="multiplication" time="2.811" classname="mavenAssignmt.Class1"/>
  <testcase name="division" time="2.698" classname="mavenAssignmt.Class1"/>
  <testcase name="addition" time="3.046" classname="mavenAssignmt.Class1"/>
  <testcase name="substraction" time="3.149" classname="mavenAssignmt.Class1"/>
</testsuite> <!-- Default test -->
