<?xml version="1.0" encoding="UTF-8"?>
<!-- Generated by org.testng.reporters.JUnitXMLReporter -->
<testsuite hostname="LAPTOP-LEDDVJ5V" ignored="0" name="Test" tests="4" failures="0" timestamp="04 Jul 2022 16:08:28 GMT" time="22.43" errors="0">
  <testcase name="multiplication" time="2.708" classname="mavenAssignmt.Class1"/>
  <testcase name="division" time="2.637" classname="mavenAssignmt.Class1"/>
  <testcase name="addition" time="2.921" classname="mavenAssignmt.Class1"/>
  <testcase name="substraction" time="3.178" classname="mavenAssignmt.Class1"/>
</testsuite> <!-- Test -->
