<?xml version="1.0" encoding="UTF-8"?>
<testng-results skipped="0" failed="0" ignored="0" total="4" passed="4">
  <reporter-output>
  </reporter-output>
  <suite name="Suite" duration-ms="27043" started-at="2022-07-04T17:17:14Z" finished-at="2022-07-04T17:17:41Z">
    <groups>
    </groups>
    <test name="Test" duration-ms="27043" started-at="2022-07-04T17:17:14Z" finished-at="2022-07-04T17:17:41Z">
      <class name="mavenAssignmt.Class1">
        <test-method status="PASS" signature="beforeTest()[pri:0, instance:mavenAssignmt.Class1@14acaea5]" name="beforeTest" is-config="true" duration-ms="10108" started-at="2022-07-04T17:17:14Z" finished-at="2022-07-04T17:17:24Z">
          <reporter-output>
          </reporter-output>
        </test-method> <!-- beforeTest -->
        <test-method status="PASS" signature="multiplication()[pri:1, instance:mavenAssignmt.Class1@14acaea5]" name="multiplication" duration-ms="2798" started-at="2022-07-04T17:17:24Z" finished-at="2022-07-04T17:17:27Z">
          <reporter-output>
          </reporter-output>
        </test-method> <!-- multiplication -->
        <test-method status="PASS" signature="division()[pri:2, instance:mavenAssignmt.Class1@14acaea5]" name="division" duration-ms="2640" started-at="2022-07-04T17:17:27Z" finished-at="2022-07-04T17:17:30Z">
          <reporter-output>
          </reporter-output>
        </test-method> <!-- division -->
        <test-method status="PASS" signature="addition()[pri:3, instance:mavenAssignmt.Class1@14acaea5]" name="addition" duration-ms="2980" started-at="2022-07-04T17:17:30Z" finished-at="2022-07-04T17:17:33Z">
          <reporter-output>
          </reporter-output>
        </test-method> <!-- addition -->
        <test-method status="PASS" signature="substraction()[pri:4, instance:mavenAssignmt.Class1@14acaea5]" name="substraction" duration-ms="3036" started-at="2022-07-04T17:17:33Z" finished-at="2022-07-04T17:17:36Z">
          <reporter-output>
          </reporter-output>
        </test-method> <!-- substraction -->
        <test-method status="PASS" signature="afterTest()[pri:0, instance:mavenAssignmt.Class1@14acaea5]" name="afterTest" is-config="true" duration-ms="5448" started-at="2022-07-04T17:17:36Z" finished-at="2022-07-04T17:17:41Z">
          <reporter-output>
          </reporter-output>
        </test-method> <!-- afterTest -->
      </class> <!-- mavenAssignmt.Class1 -->
    </test> <!-- Test -->
  </suite> <!-- Suite -->
</testng-results>
